Starting application...
Killing any process using port 8080...
Starting Gunicorn...
[2024-08-04 05:32:27 -0500] [59133] [INFO] Starting gunicorn 22.0.0
[2024-08-04 05:32:27 -0500] [59133] [INFO] Listening at: http://0.0.0.0:8080 (59133)
[2024-08-04 05:32:27 -0500] [59133] [INFO] Using worker: sync
[2024-08-04 05:32:27 -0500] [59137] [INFO] Booting worker with pid: 59137
Gunicorn started with PID 59133
Nginx not running. Starting nginx...
Service `nginx` already started, use `brew services restart nginx` to restart.
nginx reloaded or started successfully.
Starting ngrok...
ngrok started successfully.
start - start tunnels by name from the configuration file

USAGE:
  ngrok start [flags]

AUTHOR:
  ngrok - <support@ngrok.com>

COMMANDS: 
  config          update or migrate ngrok's configuration file
  http            start an HTTP tunnel
  tcp             start a TCP tunnel
  tunnel          start a tunnel for use with a tunnel-group backend

EXAMPLES: 
  ngrok http 80                                                 # secure public URL for port 80 web server
  ngrok http --domain baz.ngrok.dev 8080                        # port 8080 available at baz.ngrok.dev
  ngrok tcp 22                                                  # tunnel arbitrary TCP traffic to port 22
  ngrok http 80 --oauth=google --oauth-allow-email=foo@foo.com  # secure your app with oauth

Paid Features: 
  ngrok http 80 --domain mydomain.com                           # run ngrok with your own custom domain
  ngrok http 80 --allow-cidr 2600:8c00::a03c:91ee:fe69:9695/32  # run ngrok with IP policy restrictions
  Upgrade your account at https://dashboard.ngrok.com/billing/subscription to access paid features

Upgrade your account at https://dashboard.ngrok.com/billing/subscription to access paid features

Flags:
  -h, --help      help for ngrok

Use "ngrok [command] --help" for more information about a command.

ERROR:  Your configuration file must define at least one tunnel when using --all. To intentionally start no tunnels, use `ngrok start --none.`
Received input data:  ImmutableMultiDict([('MODEL_TYPE', 'xgb'), ('PENALTY', ''), ('DATA_TYPE', 'EMS'), ('TRAUMATYPE', 'Penetrating'), ('MECHANISM', '2'), ('PREHOSPITALCARDIACARREST', ''), ('SEX', 'Male'), ('AGEYEARS', ''), ('EMSSBP', ''), ('EMSSBP', ''), ('EMSPULSERATE', ''), ('EMSPULSERATE', ''), ('EMSRESPIRATORYRATE', ''), ('EMSRESPIRATORYRATE', ''), ('EMSTOTALGCS', ''), ('EMSTOTALGCS', ''), ('SBP', ''), ('SBP', ''), ('PULSERATE', ''), ('PULSERATE', ''), ('RESPIRATORYRATE', ''), ('RESPIRATORYRATE', ''), ('TOTALGCS', ''), ('TOTALGCS', ''), ('TEMPERATURE', ''), ('TEMPERATURE', '')])
Extracted features:  dict_keys(['SEX', 'TRAUMATYPE'])
Input data:  dict_values([1, 2])
Received input data:  ImmutableMultiDict([('MODEL_TYPE', 'xgb'), ('PENALTY', ''), ('DATA_TYPE', 'EMS'), ('TRAUMATYPE', ''), ('MECHANISM', ''), ('PREHOSPITALCARDIACARREST', ''), ('SEX', ''), ('AGEYEARS', ''), ('EMSSBP', ''), ('EMSSBP', ''), ('EMSPULSERATE', ''), ('EMSPULSERATE', ''), ('EMSRESPIRATORYRATE', ''), ('EMSRESPIRATORYRATE', ''), ('EMSTOTALGCS', ''), ('EMSTOTALGCS', ''), ('SBP', ''), ('SBP', ''), ('PULSERATE', ''), ('PULSERATE', ''), ('RESPIRATORYRATE', ''), ('RESPIRATORYRATE', ''), ('TOTALGCS', ''), ('TOTALGCS', ''), ('TEMPERATURE', ''), ('TEMPERATURE', '')])
Received input data:  ImmutableMultiDict([('MODEL_TYPE', 'xgb'), ('PENALTY', ''), ('DATA_TYPE', 'EMS'), ('TRAUMATYPE', 'Penetrating'), ('MECHANISM', '2'), ('PREHOSPITALCARDIACARREST', ''), ('SEX', ''), ('AGEYEARS', ''), ('EMSSBP', ''), ('EMSSBP', ''), ('EMSPULSERATE', ''), ('EMSPULSERATE', ''), ('EMSRESPIRATORYRATE', ''), ('EMSRESPIRATORYRATE', ''), ('EMSTOTALGCS', ''), ('EMSTOTALGCS', ''), ('SBP', ''), ('SBP', ''), ('PULSERATE', ''), ('PULSERATE', ''), ('RESPIRATORYRATE', ''), ('RESPIRATORYRATE', ''), ('TOTALGCS', ''), ('TOTALGCS', ''), ('TEMPERATURE', ''), ('TEMPERATURE', '')])
Received input data:  ImmutableMultiDict([('MODEL_TYPE', 'xgb'), ('PENALTY', ''), ('DATA_TYPE', 'EMS'), ('TRAUMATYPE', 'Penetrating'), ('MECHANISM', '2'), ('PREHOSPITALCARDIACARREST', ''), ('SEX', ''), ('AGEYEARS', ''), ('EMSSBP', ''), ('EMSSBP', ''), ('EMSPULSERATE', ''), ('EMSPULSERATE', ''), ('EMSRESPIRATORYRATE', ''), ('EMSRESPIRATORYRATE', ''), ('EMSTOTALGCS', ''), ('EMSTOTALGCS', ''), ('SBP', ''), ('SBP', ''), ('PULSERATE', ''), ('PULSERATE', ''), ('RESPIRATORYRATE', ''), ('RESPIRATORYRATE', ''), ('TOTALGCS', ''), ('TOTALGCS', ''), ('TEMPERATURE', ''), ('TEMPERATURE', '')])
Received input data:  ImmutableMultiDict([('MODEL_TYPE', 'xgb'), ('PENALTY', ''), ('DATA_TYPE', 'EMS'), ('TRAUMATYPE', 'Penetrating'), ('MECHANISM', '2'), ('PREHOSPITALCARDIACARREST', ''), ('SEX', ''), ('AGEYEARS', ''), ('EMSSBP', ''), ('EMSSBP', ''), ('EMSPULSERATE', ''), ('EMSPULSERATE', ''), ('EMSRESPIRATORYRATE', ''), ('EMSRESPIRATORYRATE', ''), ('EMSTOTALGCS', ''), ('EMSTOTALGCS', ''), ('SBP', ''), ('SBP', ''), ('PULSERATE', ''), ('PULSERATE', ''), ('RESPIRATORYRATE', ''), ('RESPIRATORYRATE', ''), ('TOTALGCS', ''), ('TOTALGCS', ''), ('TEMPERATURE', ''), ('TEMPERATURE', '')])
Received input data:  ImmutableMultiDict([('MODEL_TYPE', 'xgb'), ('PENALTY', ''), ('DATA_TYPE', 'EMS'), ('TRAUMATYPE', 'Penetrating'), ('MECHANISM', '2'), ('PREHOSPITALCARDIACARREST', ''), ('SEX', ''), ('AGEYEARS', ''), ('EMSSBP', ''), ('EMSSBP', ''), ('EMSPULSERATE', ''), ('EMSPULSERATE', ''), ('EMSRESPIRATORYRATE', ''), ('EMSRESPIRATORYRATE', ''), ('EMSTOTALGCS', ''), ('EMSTOTALGCS', ''), ('SBP', ''), ('SBP', ''), ('PULSERATE', ''), ('PULSERATE', ''), ('RESPIRATORYRATE', ''), ('RESPIRATORYRATE', ''), ('TOTALGCS', ''), ('TOTALGCS', ''), ('TEMPERATURE', ''), ('TEMPERATURE', '')])
Received input data:  ImmutableMultiDict([('MODEL_TYPE', 'xgb'), ('PENALTY', ''), ('DATA_TYPE', 'EMS'), ('TRAUMATYPE', 'Penetrating'), ('MECHANISM', '2'), ('PREHOSPITALCARDIACARREST', ''), ('SEX', ''), ('AGEYEARS', ''), ('EMSSBP', ''), ('EMSSBP', ''), ('EMSPULSERATE', ''), ('EMSPULSERATE', ''), ('EMSRESPIRATORYRATE', ''), ('EMSRESPIRATORYRATE', ''), ('EMSTOTALGCS', ''), ('EMSTOTALGCS', ''), ('SBP', ''), ('SBP', ''), ('PULSERATE', ''), ('PULSERATE', ''), ('RESPIRATORYRATE', ''), ('RESPIRATORYRATE', ''), ('TOTALGCS', ''), ('TOTALGCS', ''), ('TEMPERATURE', ''), ('TEMPERATURE', '')])
Received input data:  ImmutableMultiDict([('MODEL_TYPE', 'xgb'), ('PENALTY', ''), ('DATA_TYPE', 'EMS'), ('TRAUMATYPE', 'Penetrating'), ('MECHANISM', '2'), ('PREHOSPITALCARDIACARREST', ''), ('SEX', ''), ('AGEYEARS', ''), ('EMSSBP', ''), ('EMSSBP', ''), ('EMSPULSERATE', ''), ('EMSPULSERATE', ''), ('EMSRESPIRATORYRATE', ''), ('EMSRESPIRATORYRATE', ''), ('EMSTOTALGCS', ''), ('EMSTOTALGCS', ''), ('SBP', ''), ('SBP', ''), ('PULSERATE', ''), ('PULSERATE', ''), ('RESPIRATORYRATE', ''), ('RESPIRATORYRATE', ''), ('TOTALGCS', ''), ('TOTALGCS', ''), ('TEMPERATURE', ''), ('TEMPERATURE', '')])
Received input data:  ImmutableMultiDict([('MODEL_TYPE', 'xgb'), ('PENALTY', ''), ('DATA_TYPE', 'EMS'), ('TRAUMATYPE', 'Penetrating'), ('MECHANISM', '2'), ('PREHOSPITALCARDIACARREST', ''), ('SEX', ''), ('AGEYEARS', ''), ('EMSSBP', ''), ('EMSSBP', ''), ('EMSPULSERATE', ''), ('EMSPULSERATE', ''), ('EMSRESPIRATORYRATE', ''), ('EMSRESPIRATORYRATE', ''), ('EMSTOTALGCS', ''), ('EMSTOTALGCS', ''), ('SBP', ''), ('SBP', ''), ('PULSERATE', ''), ('PULSERATE', ''), ('RESPIRATORYRATE', ''), ('RESPIRATORYRATE', ''), ('TOTALGCS', ''), ('TOTALGCS', ''), ('TEMPERATURE', ''), ('TEMPERATURE', '')])
Received input data:  ImmutableMultiDict([('MODEL_TYPE', 'xgb'), ('PENALTY', ''), ('DATA_TYPE', 'EMS'), ('TRAUMATYPE', 'Penetrating'), ('MECHANISM', '2'), ('PREHOSPITALCARDIACARREST', ''), ('SEX', ''), ('AGEYEARS', ''), ('EMSSBP', ''), ('EMSSBP', ''), ('EMSPULSERATE', ''), ('EMSPULSERATE', ''), ('EMSRESPIRATORYRATE', ''), ('EMSRESPIRATORYRATE', ''), ('EMSTOTALGCS', ''), ('EMSTOTALGCS', ''), ('SBP', ''), ('SBP', ''), ('PULSERATE', ''), ('PULSERATE', ''), ('RESPIRATORYRATE', ''), ('RESPIRATORYRATE', ''), ('TOTALGCS', ''), ('TOTALGCS', ''), ('TEMPERATURE', ''), ('TEMPERATURE', '')])
Received input data:  ImmutableMultiDict([('MODEL_TYPE', 'xgb'), ('PENALTY', ''), ('DATA_TYPE', 'EMS'), ('TRAUMATYPE', 'Penetrating'), ('MECHANISM', '2'), ('PREHOSPITALCARDIACARREST', ''), ('SEX', ''), ('AGEYEARS', ''), ('EMSSBP', ''), ('EMSSBP', ''), ('EMSPULSERATE', ''), ('EMSPULSERATE', ''), ('EMSRESPIRATORYRATE', ''), ('EMSRESPIRATORYRATE', ''), ('EMSTOTALGCS', ''), ('EMSTOTALGCS', ''), ('SBP', ''), ('SBP', ''), ('PULSERATE', ''), ('PULSERATE', ''), ('RESPIRATORYRATE', ''), ('RESPIRATORYRATE', ''), ('TOTALGCS', ''), ('TOTALGCS', ''), ('TEMPERATURE', ''), ('TEMPERATURE', '')])
Received input data:  ImmutableMultiDict([('MODEL_TYPE', 'xgb'), ('PENALTY', ''), ('DATA_TYPE', 'EMS'), ('TRAUMATYPE', 'Penetrating'), ('MECHANISM', '2'), ('PREHOSPITALCARDIACARREST', ''), ('SEX', ''), ('AGEYEARS', ''), ('EMSSBP', ''), ('EMSSBP', ''), ('EMSPULSERATE', ''), ('EMSPULSERATE', ''), ('EMSRESPIRATORYRATE', ''), ('EMSRESPIRATORYRATE', ''), ('EMSTOTALGCS', ''), ('EMSTOTALGCS', ''), ('SBP', ''), ('SBP', ''), ('PULSERATE', ''), ('PULSERATE', ''), ('RESPIRATORYRATE', ''), ('RESPIRATORYRATE', ''), ('TOTALGCS', ''), ('TOTALGCS', ''), ('TEMPERATURE', ''), ('TEMPERATURE', '')])
Received input data:  ImmutableMultiDict([('MODEL_TYPE', 'xgb'), ('PENALTY', ''), ('DATA_TYPE', 'EMS'), ('TRAUMATYPE', 'Penetrating'), ('MECHANISM', '2'), ('PREHOSPITALCARDIACARREST', 'yes'), ('SEX', ''), ('AGEYEARS', ''), ('EMSSBP', ''), ('EMSSBP', ''), ('EMSPULSERATE', ''), ('EMSPULSERATE', ''), ('EMSRESPIRATORYRATE', ''), ('EMSRESPIRATORYRATE', ''), ('EMSTOTALGCS', ''), ('EMSTOTALGCS', ''), ('SBP', ''), ('SBP', ''), ('PULSERATE', ''), ('PULSERATE', ''), ('RESPIRATORYRATE', ''), ('RESPIRATORYRATE', ''), ('TOTALGCS', ''), ('TOTALGCS', ''), ('TEMPERATURE', ''), ('TEMPERATURE', '')])
Extracted features:  dict_keys(['PREHOSPITALCARDIACARREST', 'TRAUMATYPE'])
Input data:  dict_values([1, 2])
Received input data:  ImmutableMultiDict([('MODEL_TYPE', 'xgb'), ('PENALTY', ''), ('DATA_TYPE', 'EMS'), ('TRAUMATYPE', 'Penetrating'), ('MECHANISM', '2'), ('PREHOSPITALCARDIACARREST', 'yes'), ('SEX', 'Male'), ('AGEYEARS', ''), ('EMSSBP', ''), ('EMSSBP', ''), ('EMSPULSERATE', ''), ('EMSPULSERATE', ''), ('EMSRESPIRATORYRATE', ''), ('EMSRESPIRATORYRATE', ''), ('EMSTOTALGCS', ''), ('EMSTOTALGCS', ''), ('SBP', ''), ('SBP', ''), ('PULSERATE', ''), ('PULSERATE', ''), ('RESPIRATORYRATE', ''), ('RESPIRATORYRATE', ''), ('TOTALGCS', ''), ('TOTALGCS', ''), ('TEMPERATURE', ''), ('TEMPERATURE', '')])